2021-05-13 21:00:40[server.js] info: "server started on port 5000"
2021-05-13 21:00:43[server.js] info: "datadase connected successfully"
2021-05-13 21:00:44[server.js] info: "Email already exists."
2021-05-13 21:00:44[server.js] info: "Email already exists."
2021-05-13 21:03:36[server.js] info: "server started on port 5000"
2021-05-13 21:03:39[server.js] info: "datadase connected successfully"
2021-05-13 21:03:39[server.js] info: "Email already exists."
2021-05-13 21:03:40[server.js] info: "Email already exists."
2021-05-13 21:04:07[server.js] info: "server started on port 5000"
2021-05-13 21:04:09[server.js] info: "datadase connected successfully"
2021-05-13 21:04:10[server.js] info: "Email already exists."
2021-05-13 21:04:10[server.js] info: "Email already exists."
2021-05-13 21:04:36[server.js] info: "server started on port 5000"
2021-05-13 21:04:44[server.js] info: "datadase connected successfully"
2021-05-13 21:04:45[server.js] info: "Email already exists."
2021-05-13 21:04:45[server.js] info: "Email already exists."
2021-05-13 21:09:46[server.js] info: "server started on port 5000"
2021-05-13 21:09:49[server.js] info: "datadase connected successfully"
2021-05-13 21:09:49[server.js] info: "Email already exists."
2021-05-13 21:09:50[server.js] info: "Email already exists."
2021-05-13 21:10:29[server.js] info: "server started on port 5000"
2021-05-13 21:10:32[server.js] info: "datadase connected successfully"
2021-05-13 21:10:32[server.js] info: "Email already exists."
2021-05-13 21:10:33[server.js] info: "Email already exists."
2021-05-13 21:12:19[server.js] info: "server started on port 5000"
2021-05-13 21:12:22[server.js] info: "datadase connected successfully"
2021-05-13 21:12:22[server.js] info: "Email already exists."
2021-05-13 21:12:23[server.js] info: "Email already exists."
2021-05-13 21:12:41[server.js] info: "server started on port 5000"
2021-05-13 21:12:43[server.js] info: "datadase connected successfully"
2021-05-13 21:12:44[server.js] info: "Email already exists."
2021-05-13 21:12:44[server.js] info: "Email already exists."
2021-05-13 21:13:13[server.js] info: "server started on port 5000"
2021-05-13 21:13:16[server.js] info: "datadase connected successfully"
2021-05-13 21:13:16[server.js] info: "Email already exists."
2021-05-13 21:19:25[server.js] info: "server started on port 5000"
2021-05-13 21:19:28[server.js] info: "datadase connected successfully"
2021-05-13 21:19:28[server.js] info: "Email already exists."
2021-05-13 21:20:26[server.js] info: "server started on port 5000"
2021-05-13 21:20:28[server.js] info: "datadase connected successfully"
2021-05-13 21:20:29[server.js] info: "Email already exists."
2021-05-13 21:20:29[server.js] info: "Passwords didnt match"
2021-05-13 21:20:53[server.js] info: "server started on port 5000"
2021-05-13 21:20:55[server.js] info: "datadase connected successfully"
2021-05-13 21:20:56[server.js] info: "Email already exists."
2021-05-13 21:20:57[server.js] info: "Passwords didnt match"
2021-05-13 21:21:58[server.js] info: "server started on port 5000"
2021-05-13 21:22:00[server.js] info: "datadase connected successfully"
2021-05-13 21:22:01[server.js] info: "Email already exists."
2021-05-13 21:22:01[server.js] info: "Passwords didnt match"
2021-05-13 21:26:49[server.js] info: "server started on port 5000"
2021-05-13 21:26:58[server.js] info: "datadase connected successfully"
2021-05-13 21:26:59[server.js] info: "Email already exists."
2021-05-13 21:26:59[server.js] info: "Passwords didnt match"
2021-05-13 21:28:11[server.js] info: "server started on port 5000"
2021-05-13 21:28:15[server.js] info: "datadase connected successfully"
2021-05-13 21:28:16[server.js] info: "Email already exists."
2021-05-13 21:28:17[server.js] info: "Passwords didnt match"
2021-05-13 21:29:34[server.js] info: "server started on port 5000"
2021-05-13 21:29:37[server.js] info: "datadase connected successfully"
2021-05-13 21:29:38[server.js] info: "Email already exists."
2021-05-13 21:29:38[server.js] info: "Passwords didnt match"
2021-05-13 21:30:41[server.js] info: "server started on port 5000"
2021-05-13 21:30:44[server.js] info: "datadase connected successfully"
2021-05-13 21:30:44[server.js] info: "Email already exists."
2021-05-13 21:30:45[server.js] info: "Passwords didnt match"
2021-05-13 21:33:03[server.js] info: "server started on port 5000"
2021-05-13 21:33:06[server.js] info: "datadase connected successfully"
2021-05-13 21:33:06[server.js] info: "Email already exists."
2021-05-13 21:33:07[server.js] info: "Passwords didnt match"
2021-05-13 21:35:23[server.js] info: "server started on port 5000"
2021-05-13 21:35:26[server.js] info: "datadase connected successfully"
2021-05-13 21:35:27[server.js] info: "Email already exists."
2021-05-13 21:35:27[server.js] info: "Passwords didnt match"
2021-05-13 21:36:24[server.js] info: "server started on port 5000"
2021-05-13 21:36:26[server.js] info: "datadase connected successfully"
2021-05-13 21:36:27[server.js] info: "Email already exists."
2021-05-13 21:36:28[server.js] info: "Passwords didnt match"
2021-05-13 21:36:28[server.js] info: "Invalid Credentials"
2021-05-13 21:39:35[server.js] info: "server started on port 5000"
2021-05-13 21:39:38[server.js] info: "datadase connected successfully"
2021-05-13 21:39:38[server.js] info: "Email already exists."
2021-05-13 21:39:39[server.js] info: "Passwords didnt match"
2021-05-13 21:39:39[server.js] info: "Invalid Credentials"
2021-05-13 21:39:39[server.js] info: {"token":"eyJhbGciOiJIUzI1NiIsInR5cCI6IkpXVCJ9.eyJ1c2VyIjp7ImlkIjoiNjA4OTNmYzA4ZDUyZDI1NzI1NDU2OGEyIn0sImlhdCI6MTYyMDkyMjE3OSwiZXhwIjoxNjIxMjgyMTc5fQ.VGR_1vNWXF75VGpersY59Oap-Y69iVVGqSDaKQEs3fo"}
2021-05-13 21:40:08[server.js] info: "server started on port 5000"
2021-05-13 21:40:11[server.js] info: "datadase connected successfully"
2021-05-13 21:40:12[server.js] info: "Email already exists."
2021-05-13 21:40:12[server.js] info: "Passwords didnt match"
2021-05-13 21:40:12[server.js] info: "Invalid Credentials"
2021-05-13 21:40:13[server.js] info: {"token":"eyJhbGciOiJIUzI1NiIsInR5cCI6IkpXVCJ9.eyJ1c2VyIjp7ImlkIjoiNjA4OTNmYzA4ZDUyZDI1NzI1NDU2OGEyIn0sImlhdCI6MTYyMDkyMjIxMywiZXhwIjoxNjIxMjgyMjEzfQ.HUC3qB8BTqbpiaEW3cOEsJBUhSLDz8VEFnT0Dm9zxxY"}
2021-05-13 21:40:56[server.js] info: "server started on port 5000"
2021-05-13 21:40:59[server.js] info: "datadase connected successfully"
2021-05-13 21:40:59[server.js] info: "Email already exists."
2021-05-13 21:41:00[server.js] info: "Passwords didnt match"
2021-05-13 21:41:00[server.js] info: "Invalid Credentials"
2021-05-13 21:41:57[server.js] info: "server started on port 5000"
2021-05-13 21:41:59[server.js] info: "datadase connected successfully"
2021-05-13 21:42:00[server.js] info: "Email already exists."
2021-05-13 21:42:00[server.js] info: "Passwords didnt match"
2021-05-13 21:42:00[server.js] info: "Invalid Credentials"
2021-05-13 21:43:59[server.js] info: "server started on port 5000"
2021-05-13 21:44:02[server.js] info: "datadase connected successfully"
2021-05-13 21:44:03[server.js] info: "Email already exists."
2021-05-13 21:44:03[server.js] info: "Passwords didnt match"
2021-05-13 21:44:03[server.js] info: "Invalid Credentials"
2021-05-13 21:45:05[server.js] info: "server started on port 5000"
2021-05-13 21:45:08[server.js] info: "datadase connected successfully"
2021-05-13 21:45:08[server.js] info: "Email already exists."
2021-05-13 21:45:09[server.js] info: "Passwords didnt match"
2021-05-13 21:45:09[server.js] info: "Invalid Credentials"
2021-05-13 21:45:09[server.js] info: "User token :eyJhbGciOiJIUzI1NiIsInR5cCI6IkpXVCJ9.eyJ1c2VyIjp7ImlkIjoiNjA4OTNmYzA4ZDUyZDI1NzI1NDU2OGEyIn0sImlhdCI6MTYyMDkyMjUwOSwiZXhwIjoxNjIxMjgyNTA5fQ.7LIU6KA5un9NLo4-0qtDDQFQIEj39nZZ5I4qEu68ZXg"
2021-05-13 21:45:28[server.js] info: "server started on port 5000"
2021-05-13 21:45:31[server.js] info: "datadase connected successfully"
2021-05-13 21:45:32[server.js] info: "Email already exists."
2021-05-13 21:45:32[server.js] info: "Passwords didnt match"
2021-05-13 21:45:32[server.js] info: "Invalid Credentials"
2021-05-13 21:45:33[server.js] info: "User token :eyJhbGciOiJIUzI1NiIsInR5cCI6IkpXVCJ9.eyJ1c2VyIjp7ImlkIjoiNjA4OTNmYzA4ZDUyZDI1NzI1NDU2OGEyIn0sImlhdCI6MTYyMDkyMjUzMywiZXhwIjoxNjIxMjgyNTMzfQ.1nd7u5nQkIdtN341cK0nIvUXtCOuAAIGkcqQdKJoyb8"
2021-05-13 21:46:43[server.js] info: "server started on port 5000"
2021-05-13 21:46:46[server.js] info: "datadase connected successfully"
2021-05-13 21:46:46[server.js] info: "Email already exists."
2021-05-13 21:46:47[server.js] info: "Passwords didnt match"
2021-05-13 21:46:47[server.js] info: "Invalid Credentials"
2021-05-13 21:46:47[server.js] info: "User token :eyJhbGciOiJIUzI1NiIsInR5cCI6IkpXVCJ9.eyJ1c2VyIjp7ImlkIjoiNjA4OTNmYzA4ZDUyZDI1NzI1NDU2OGEyIn0sImlhdCI6MTYyMDkyMjYwNywiZXhwIjoxNjIxMjgyNjA3fQ.QvjVoeYRhFcsqqGKAGd2MreTF0RYeyBfbWnsVpdMFyU"
2021-05-13 21:47:42[server.js] info: "server started on port 5000"
2021-05-13 21:47:45[server.js] info: "datadase connected successfully"
2021-05-13 21:47:45[server.js] info: "Email already exists."
2021-05-13 21:47:46[server.js] info: "Passwords didnt match"
2021-05-13 21:47:46[server.js] info: "Invalid Credentials"
2021-05-13 21:47:46[server.js] info: "User token :eyJhbGciOiJIUzI1NiIsInR5cCI6IkpXVCJ9.eyJ1c2VyIjp7ImlkIjoiNjA4OTNmYzA4ZDUyZDI1NzI1NDU2OGEyIn0sImlhdCI6MTYyMDkyMjY2NiwiZXhwIjoxNjIxMjgyNjY2fQ.LVrhJZQD1w3ig3_xmhq8Qr9Z4V-hXSSJ9qEiq4ut7Mg"
2021-05-13 21:48:51[server.js] info: "server started on port 5000"
2021-05-13 21:48:54[server.js] info: "datadase connected successfully"
2021-05-13 21:48:55[server.js] info: "Email already exists."
2021-05-13 21:48:55[server.js] info: "Passwords didnt match"
2021-05-13 21:48:55[server.js] info: "Invalid Credentials"
2021-05-13 21:48:56[server.js] info: "User token :eyJhbGciOiJIUzI1NiIsInR5cCI6IkpXVCJ9.eyJ1c2VyIjp7ImlkIjoiNjA4OTNmYzA4ZDUyZDI1NzI1NDU2OGEyIn0sImlhdCI6MTYyMDkyMjczNiwiZXhwIjoxNjIxMjgyNzM2fQ.TmuYzfbAooBWAL6c0ZIOoNL5IwRp_1bJnFV0sGVf4p8"
2021-05-13 21:49:37[server.js] info: "server started on port 5000"
2021-05-13 21:49:39[server.js] info: "datadase connected successfully"
2021-05-13 21:49:40[server.js] info: "Email already exists."
2021-05-13 21:49:41[server.js] info: "Passwords didnt match"
2021-05-13 21:49:41[server.js] info: "Invalid Credentials"
2021-05-13 21:49:41[server.js] info: "User token :eyJhbGciOiJIUzI1NiIsInR5cCI6IkpXVCJ9.eyJ1c2VyIjp7ImlkIjoiNjA4OTNmYzA4ZDUyZDI1NzI1NDU2OGEyIn0sImlhdCI6MTYyMDkyMjc4MSwiZXhwIjoxNjIxMjgyNzgxfQ.qIrKtJ8MqNuSImjeO8xaS87oJPxEMbJEK3pFWRnmfJM"
2021-05-13 21:55:26[server.js] info: "server started on port 5000"
2021-05-13 21:55:28[server.js] info: "datadase connected successfully"
2021-05-13 21:55:29[server.js] info: "Email already exists."
2021-05-13 21:55:30[server.js] info: "Passwords didnt match"
2021-05-13 21:55:30[server.js] info: "Invalid Credentials"
2021-05-13 21:55:30[server.js] info: "User token :eyJhbGciOiJIUzI1NiIsInR5cCI6IkpXVCJ9.eyJ1c2VyIjp7ImlkIjoiNjA4OTNmYzA4ZDUyZDI1NzI1NDU2OGEyIn0sImlhdCI6MTYyMDkyMzEzMCwiZXhwIjoxNjIxMjgzMTMwfQ.r_aSJCeXdWIj8S5BHMKVE0KS25aBtb4tFSh9MMuFaHU"
2021-05-13 21:55:30[server.js] info: "Authorization Error"
2021-05-13 21:55:30[server.js] info: "Authorization Error"
2021-05-13 21:57:22[server.js] info: "server started on port 5000"
2021-05-13 21:57:24[server.js] info: "datadase connected successfully"
2021-05-13 21:57:25[server.js] info: "Email already exists."
2021-05-13 21:57:25[server.js] info: "Passwords didnt match"
2021-05-13 21:57:25[server.js] info: "Invalid Credentials"
2021-05-13 21:57:26[server.js] info: "User token :eyJhbGciOiJIUzI1NiIsInR5cCI6IkpXVCJ9.eyJ1c2VyIjp7ImlkIjoiNjA4OTNmYzA4ZDUyZDI1NzI1NDU2OGEyIn0sImlhdCI6MTYyMDkyMzI0NiwiZXhwIjoxNjIxMjgzMjQ2fQ.p_5DRVz8GtejJMAGvoY6iZYMoNXOzv6HyNFLTB5UpEY"
2021-05-13 21:57:26[server.js] info: "Authorization Error"
2021-05-13 21:57:26[server.js] info: "Authorization Error"
2021-05-13 21:57:42[server.js] info: "server started on port 5000"
2021-05-13 21:57:45[server.js] info: "datadase connected successfully"
2021-05-13 21:57:45[server.js] info: "Email already exists."
2021-05-13 21:57:46[server.js] info: "Passwords didnt match"
2021-05-13 21:57:46[server.js] info: "Invalid Credentials"
2021-05-13 21:57:46[server.js] info: "User token :eyJhbGciOiJIUzI1NiIsInR5cCI6IkpXVCJ9.eyJ1c2VyIjp7ImlkIjoiNjA4OTNmYzA4ZDUyZDI1NzI1NDU2OGEyIn0sImlhdCI6MTYyMDkyMzI2NiwiZXhwIjoxNjIxMjgzMjY2fQ.W2W9TNWhod_28rQP_qc-tVDgO1pvL-R2lqA_YQo79UA"
2021-05-13 21:57:46[server.js] info: "Authorization Error"
2021-05-13 21:57:46[server.js] info: "Authorization Error"
2021-05-13 21:59:00[server.js] info: "server started on port 5000"
2021-05-13 21:59:03[server.js] info: "datadase connected successfully"
2021-05-13 21:59:04[server.js] info: "Email already exists."
2021-05-13 21:59:04[server.js] info: "Passwords didnt match"
2021-05-13 21:59:04[server.js] info: "Invalid Credentials"
2021-05-13 21:59:05[server.js] info: "User token :eyJhbGciOiJIUzI1NiIsInR5cCI6IkpXVCJ9.eyJ1c2VyIjp7ImlkIjoiNjA4OTNmYzA4ZDUyZDI1NzI1NDU2OGEyIn0sImlhdCI6MTYyMDkyMzM0NSwiZXhwIjoxNjIxMjgzMzQ1fQ.NhcPaVzm-uL0nLJY8JwChPuRzunMxmjf_4NdYJYFDvM"
2021-05-13 21:59:05[server.js] info: "Authorization Error"
2021-05-13 21:59:05[server.js] info: "Authorization Error"
